<?xml version="1.0" encoding="UTF-8"?>
<Site BuildName="(empty)"
	BuildStamp="20260504-1756-Experimental"
	Name="mohamd-elwahsh-Legion-Y540-15IRH-PG0"
	Generator="ctest-3.28.3"
	CompilerName="/usr/bin/g++"
	CompilerVersion="13.3.0"
	OSName="Linux"
	Hostname="mohamd-elwahsh-Legion-Y540-15IRH-PG0"
	OSRelease="6.17.0-23-generic"
	OSVersion="#23~24.04.1-Ubuntu SMP PREEMPT_DYNAMIC Tue Apr 14 16:11:48 UTC 2"
	OSPlatform="x86_64"
	Is64Bits="1"
	VendorString="GenuineIntel"
	VendorID="Intel Corporation"
	FamilyID="6"
	ModelID="158"
	ProcessorCacheSize="12288"
	NumberOfLogicalCPU="12"
	NumberOfPhysicalCPU="6"
	TotalVirtualMemory="4095"
	TotalPhysicalMemory="15899"
	LogicalProcessorsPerPhysical="2"
	ProcessorClockFrequency="2600.09"
	>
	<Testing>
		<StartDateTime>May 04 20:15 CEST</StartDateTime>
		<StartTestTime>1777918529</StartTestTime>
		<TestList/>
		<EndDateTime>May 04 20:15 CEST</EndDateTime>
		<EndTestTime>1777918529</EndTestTime>
		<ElapsedMinutes>0</ElapsedMinutes>
	</Testing>
</Site>
